{"/home/jonathan/Documentos/Aprendizado/tech-challenge-2-blog/src/config/db.js": {"path":"/home/jonathan/Documentos/Aprendizado/tech-challenge-2-blog/src/config/db.js","statementMap":{"0":{"start":{"line":1,"column":17},"end":{"line":1,"column":30}},"1":{"start":{"line":2,"column":0},"end":{"line":2,"column":27}},"2":{"start":{"line":4,"column":13},"end":{"line":6,"column":2}},"3":{"start":{"line":8,"column":0},"end":{"line":10,"column":3}},"4":{"start":{"line":9,"column":2},"end":{"line":9,"column":68}},"5":{"start":{"line":12,"column":0},"end":{"line":14,"column":2}},"6":{"start":{"line":13,"column":27},"end":{"line":13,"column":51}}},"fnMap":{"0":{"name":"(anonymous_0)","decl":{"start":{"line":8,"column":19},"end":{"line":8,"column":20}},"loc":{"start":{"line":8,"column":25},"end":{"line":10,"column":1}},"line":8},"1":{"name":"(anonymous_1)","decl":{"start":{"line":13,"column":9},"end":{"line":13,"column":10}},"loc":{"start":{"line":13,"column":27},"end":{"line":13,"column":51}},"line":13}},"branchMap":{},"s":{"0":1,"1":1,"2":1,"3":1,"4":0,"5":1,"6":0},"f":{"0":0,"1":0},"b":{},"_coverageSchema":"1a1c01bbd47fc00a2c39e90264f33305004495a9","hash":"45e69e9a4eecbc1df46fa202d1abe6f4f9011ef7"}
,"/home/jonathan/Documentos/Aprendizado/tech-challenge-2-blog/src/controllers/postController.js": {"path":"/home/jonathan/Documentos/Aprendizado/tech-challenge-2-blog/src/controllers/postController.js","statementMap":{"0":{"start":{"line":2,"column":11},"end":{"line":2,"column":34}},"1":{"start":{"line":5,"column":19},"end":{"line":36,"column":1}},"2":{"start":{"line":6,"column":2},"end":{"line":35,"column":3}},"3":{"start":{"line":8,"column":39},"end":{"line":8,"column":47}},"4":{"start":{"line":11,"column":4},"end":{"line":13,"column":5}},"5":{"start":{"line":12,"column":6},"end":{"line":12,"column":91}},"6":{"start":{"line":17,"column":18},"end":{"line":21,"column":5}},"7":{"start":{"line":24,"column":19},"end":{"line":24,"column":43}},"8":{"start":{"line":27,"column":19},"end":{"line":27,"column":48}},"9":{"start":{"line":30,"column":4},"end":{"line":30,"column":41}},"10":{"start":{"line":33,"column":4},"end":{"line":33,"column":52}},"11":{"start":{"line":34,"column":4},"end":{"line":34,"column":85}},"12":{"start":{"line":39,"column":20},"end":{"line":53,"column":1}},"13":{"start":{"line":40,"column":2},"end":{"line":52,"column":3}},"14":{"start":{"line":42,"column":18},"end":{"line":42,"column":65}},"15":{"start":{"line":45,"column":19},"end":{"line":45,"column":40}},"16":{"start":{"line":48,"column":4},"end":{"line":48,"column":26}},"17":{"start":{"line":50,"column":4},"end":{"line":50,"column":54}},"18":{"start":{"line":51,"column":4},"end":{"line":51,"column":88}},"19":{"start":{"line":56,"column":20},"end":{"line":79,"column":1}},"20":{"start":{"line":57,"column":2},"end":{"line":78,"column":3}},"21":{"start":{"line":59,"column":19},"end":{"line":59,"column":29}},"22":{"start":{"line":62,"column":18},"end":{"line":62,"column":54}},"23":{"start":{"line":63,"column":19},"end":{"line":63,"column":23}},"24":{"start":{"line":66,"column":19},"end":{"line":66,"column":48}},"25":{"start":{"line":69,"column":4},"end":{"line":71,"column":5}},"26":{"start":{"line":70,"column":6},"end":{"line":70,"column":73}},"27":{"start":{"line":74,"column":4},"end":{"line":74,"column":29}},"28":{"start":{"line":76,"column":4},"end":{"line":76,"column":60}},"29":{"start":{"line":77,"column":4},"end":{"line":77,"column":86}},"30":{"start":{"line":82,"column":19},"end":{"line":118,"column":1}},"31":{"start":{"line":83,"column":2},"end":{"line":117,"column":3}},"32":{"start":{"line":85,"column":19},"end":{"line":85,"column":29}},"33":{"start":{"line":87,"column":39},"end":{"line":87,"column":47}},"34":{"start":{"line":90,"column":4},"end":{"line":92,"column":5}},"35":{"start":{"line":91,"column":6},"end":{"line":91,"column":105}},"36":{"start":{"line":96,"column":18},"end":{"line":101,"column":5}},"37":{"start":{"line":102,"column":19},"end":{"line":102,"column":47}},"38":{"start":{"line":105,"column":19},"end":{"line":105,"column":48}},"39":{"start":{"line":108,"column":4},"end":{"line":110,"column":5}},"40":{"start":{"line":109,"column":6},"end":{"line":109,"column":85}},"41":{"start":{"line":113,"column":4},"end":{"line":113,"column":29}},"42":{"start":{"line":115,"column":4},"end":{"line":115,"column":56}},"43":{"start":{"line":116,"column":4},"end":{"line":116,"column":89}},"44":{"start":{"line":121,"column":19},"end":{"line":144,"column":1}},"45":{"start":{"line":122,"column":2},"end":{"line":143,"column":3}},"46":{"start":{"line":124,"column":19},"end":{"line":124,"column":29}},"47":{"start":{"line":127,"column":18},"end":{"line":127,"column":64}},"48":{"start":{"line":128,"column":19},"end":{"line":128,"column":23}},"49":{"start":{"line":131,"column":19},"end":{"line":131,"column":48}},"50":{"start":{"line":134,"column":4},"end":{"line":136,"column":5}},"51":{"start":{"line":135,"column":6},"end":{"line":135,"column":87}},"52":{"start":{"line":139,"column":4},"end":{"line":139,"column":60}},"53":{"start":{"line":141,"column":4},"end":{"line":141,"column":54}},"54":{"start":{"line":142,"column":4},"end":{"line":142,"column":87}},"55":{"start":{"line":147,"column":20},"end":{"line":175,"column":1}},"56":{"start":{"line":148,"column":2},"end":{"line":174,"column":3}},"57":{"start":{"line":150,"column":21},"end":{"line":150,"column":30}},"58":{"start":{"line":153,"column":4},"end":{"line":155,"column":5}},"59":{"start":{"line":154,"column":6},"end":{"line":154,"column":80}},"60":{"start":{"line":159,"column":18},"end":{"line":163,"column":5}},"61":{"start":{"line":164,"column":19},"end":{"line":164,"column":32}},"62":{"start":{"line":167,"column":19},"end":{"line":167,"column":48}},"63":{"start":{"line":170,"column":4},"end":{"line":170,"column":26}},"64":{"start":{"line":172,"column":4},"end":{"line":172,"column":54}},"65":{"start":{"line":173,"column":4},"end":{"line":173,"column":85}},"66":{"start":{"line":177,"column":0},"end":{"line":184,"column":2}}},"fnMap":{"0":{"name":"(anonymous_0)","decl":{"start":{"line":5,"column":19},"end":{"line":5,"column":20}},"loc":{"start":{"line":5,"column":39},"end":{"line":36,"column":1}},"line":5},"1":{"name":"(anonymous_1)","decl":{"start":{"line":39,"column":20},"end":{"line":39,"column":21}},"loc":{"start":{"line":39,"column":40},"end":{"line":53,"column":1}},"line":39},"2":{"name":"(anonymous_2)","decl":{"start":{"line":56,"column":20},"end":{"line":56,"column":21}},"loc":{"start":{"line":56,"column":40},"end":{"line":79,"column":1}},"line":56},"3":{"name":"(anonymous_3)","decl":{"start":{"line":82,"column":19},"end":{"line":82,"column":20}},"loc":{"start":{"line":82,"column":39},"end":{"line":118,"column":1}},"line":82},"4":{"name":"(anonymous_4)","decl":{"start":{"line":121,"column":19},"end":{"line":121,"column":20}},"loc":{"start":{"line":121,"column":39},"end":{"line":144,"column":1}},"line":121},"5":{"name":"(anonymous_5)","decl":{"start":{"line":147,"column":20},"end":{"line":147,"column":21}},"loc":{"start":{"line":147,"column":40},"end":{"line":175,"column":1}},"line":147}},"branchMap":{"0":{"loc":{"start":{"line":11,"column":4},"end":{"line":13,"column":5}},"type":"if","locations":[{"start":{"line":11,"column":4},"end":{"line":13,"column":5}},{"start":{},"end":{}}],"line":11},"1":{"loc":{"start":{"line":11,"column":8},"end":{"line":11,"column":37}},"type":"binary-expr","locations":[{"start":{"line":11,"column":8},"end":{"line":11,"column":14}},{"start":{"line":11,"column":18},"end":{"line":11,"column":26}},{"start":{"line":11,"column":30},"end":{"line":11,"column":37}}],"line":11},"2":{"loc":{"start":{"line":69,"column":4},"end":{"line":71,"column":5}},"type":"if","locations":[{"start":{"line":69,"column":4},"end":{"line":71,"column":5}},{"start":{},"end":{}}],"line":69},"3":{"loc":{"start":{"line":90,"column":4},"end":{"line":92,"column":5}},"type":"if","locations":[{"start":{"line":90,"column":4},"end":{"line":92,"column":5}},{"start":{},"end":{}}],"line":90},"4":{"loc":{"start":{"line":90,"column":8},"end":{"line":90,"column":37}},"type":"binary-expr","locations":[{"start":{"line":90,"column":8},"end":{"line":90,"column":14}},{"start":{"line":90,"column":18},"end":{"line":90,"column":26}},{"start":{"line":90,"column":30},"end":{"line":90,"column":37}}],"line":90},"5":{"loc":{"start":{"line":108,"column":4},"end":{"line":110,"column":5}},"type":"if","locations":[{"start":{"line":108,"column":4},"end":{"line":110,"column":5}},{"start":{},"end":{}}],"line":108},"6":{"loc":{"start":{"line":134,"column":4},"end":{"line":136,"column":5}},"type":"if","locations":[{"start":{"line":134,"column":4},"end":{"line":136,"column":5}},{"start":{},"end":{}}],"line":134},"7":{"loc":{"start":{"line":153,"column":4},"end":{"line":155,"column":5}},"type":"if","locations":[{"start":{"line":153,"column":4},"end":{"line":155,"column":5}},{"start":{},"end":{}}],"line":153}},"s":{"0":1,"1":1,"2":1,"3":1,"4":1,"5":0,"6":1,"7":1,"8":1,"9":1,"10":0,"11":0,"12":1,"13":0,"14":0,"15":0,"16":0,"17":0,"18":0,"19":1,"20":0,"21":0,"22":0,"23":0,"24":0,"25":0,"26":0,"27":0,"28":0,"29":0,"30":1,"31":1,"32":1,"33":1,"34":1,"35":0,"36":1,"37":1,"38":1,"39":1,"40":0,"41":1,"42":0,"43":0,"44":1,"45":1,"46":1,"47":1,"48":1,"49":1,"50":1,"51":0,"52":1,"53":0,"54":0,"55":1,"56":0,"57":0,"58":0,"59":0,"60":0,"61":0,"62":0,"63":0,"64":0,"65":0,"66":1},"f":{"0":1,"1":0,"2":0,"3":1,"4":1,"5":0},"b":{"0":[0,1],"1":[1,1,1],"2":[0,0],"3":[0,1],"4":[1,1,1],"5":[0,1],"6":[0,1],"7":[0,0]},"_coverageSchema":"1a1c01bbd47fc00a2c39e90264f33305004495a9","hash":"0fa72e8fed03f979891dd8ed6480e8b786f12200"}
,"/home/jonathan/Documentos/Aprendizado/tech-challenge-2-blog/src/routes/postRoutes.js": {"path":"/home/jonathan/Documentos/Aprendizado/tech-challenge-2-blog/src/routes/postRoutes.js","statementMap":{"0":{"start":{"line":1,"column":16},"end":{"line":1,"column":34}},"1":{"start":{"line":2,"column":15},"end":{"line":2,"column":31}},"2":{"start":{"line":3,"column":23},"end":{"line":3,"column":63}},"3":{"start":{"line":6,"column":0},"end":{"line":6,"column":44}},"4":{"start":{"line":9,"column":0},"end":{"line":9,"column":44}},"5":{"start":{"line":12,"column":0},"end":{"line":12,"column":50}},"6":{"start":{"line":15,"column":0},"end":{"line":15,"column":47}},"7":{"start":{"line":18,"column":0},"end":{"line":18,"column":46}},"8":{"start":{"line":21,"column":0},"end":{"line":21,"column":49}},"9":{"start":{"line":23,"column":0},"end":{"line":23,"column":24}}},"fnMap":{},"branchMap":{},"s":{"0":1,"1":1,"2":1,"3":1,"4":1,"5":1,"6":1,"7":1,"8":1,"9":1},"f":{},"b":{},"_coverageSchema":"1a1c01bbd47fc00a2c39e90264f33305004495a9","hash":"f6cb28e3a2381692636585a62c8a0b5ae78ed636"}
}
