TN:
SF:src/config/db.js
FN:8,(anonymous_0)
FN:13,(anonymous_1)
FNF:2
FNH:0
FNDA:0,(anonymous_0)
FNDA:0,(anonymous_1)
DA:1,1
DA:2,1
DA:4,1
DA:8,1
DA:9,0
DA:12,1
DA:13,0
LF:7
LH:5
BRF:0
BRH:0
end_of_record
TN:
SF:src/controllers/postController.js
FN:5,(anonymous_0)
FN:39,(anonymous_1)
FN:56,(anonymous_2)
FN:82,(anonymous_3)
FN:121,(anonymous_4)
FN:147,(anonymous_5)
FNF:6
FNH:3
FNDA:1,(anonymous_0)
FNDA:0,(anonymous_1)
FNDA:0,(anonymous_2)
FNDA:1,(anonymous_3)
FNDA:1,(anonymous_4)
FNDA:0,(anonymous_5)
DA:2,1
DA:5,1
DA:6,1
DA:8,1
DA:11,1
DA:12,0
DA:17,1
DA:24,1
DA:27,1
DA:30,1
DA:33,0
DA:34,0
DA:39,1
DA:40,0
DA:42,0
DA:45,0
DA:48,0
DA:50,0
DA:51,0
DA:56,1
DA:57,0
DA:59,0
DA:62,0
DA:63,0
DA:66,0
DA:69,0
DA:70,0
DA:74,0
DA:76,0
DA:77,0
DA:82,1
DA:83,1
DA:85,1
DA:87,1
DA:90,1
DA:91,0
DA:96,1
DA:102,1
DA:105,1
DA:108,1
DA:109,0
DA:113,1
DA:115,0
DA:116,0
DA:121,1
DA:122,1
DA:124,1
DA:127,1
DA:128,1
DA:131,1
DA:134,1
DA:135,0
DA:139,1
DA:141,0
DA:142,0
DA:147,1
DA:148,0
DA:150,0
DA:153,0
DA:154,0
DA:159,0
DA:164,0
DA:167,0
DA:170,0
DA:172,0
DA:173,0
DA:177,1
LF:67
LH:31
BRDA:11,0,0,0
BRDA:11,0,1,1
BRDA:11,1,0,1
BRDA:11,1,1,1
BRDA:11,1,2,1
BRDA:69,2,0,0
BRDA:69,2,1,0
BRDA:90,3,0,0
BRDA:90,3,1,1
BRDA:90,4,0,1
BRDA:90,4,1,1
BRDA:90,4,2,1
BRDA:108,5,0,0
BRDA:108,5,1,1
BRDA:134,6,0,0
BRDA:134,6,1,1
BRDA:153,7,0,0
BRDA:153,7,1,0
BRF:18
BRH:10
end_of_record
TN:
SF:src/routes/postRoutes.js
FNF:0
FNH:0
DA:1,1
DA:2,1
DA:3,1
DA:6,1
DA:9,1
DA:12,1
DA:15,1
DA:18,1
DA:21,1
DA:23,1
LF:10
LH:10
BRF:0
BRH:0
end_of_record
